<?xml version="1.0" encoding="UTF-8"?>
<testng-results ignored="0" total="1" passed="1" failed="0" skipped="0">
  <reporter-output>
  </reporter-output>
  <suite started-at="2024-12-02T21:55:12 IST" name="Default suite" finished-at="2024-12-02T21:56:30 IST" duration-ms="78321">
    <groups>
    </groups>
    <test started-at="2024-12-02T21:55:12 IST" name="Default test" finished-at="2024-12-02T21:56:30 IST" duration-ms="78321">
      <class name="demo.WebElementTakesSreenshot">
        <test-method signature="demo()[pri:0, instance:demo.WebElementTakesSreenshot@2805d709]" started-at="2024-12-02T21:55:12 IST" name="demo" finished-at="2024-12-02T21:56:30 IST" duration-ms="78087" status="PASS">
          <reporter-output>
          </reporter-output>
        </test-method> <!-- demo -->
      </class> <!-- demo.WebElementTakesSreenshot -->
    </test> <!-- Default test -->
  </suite> <!-- Default suite -->
</testng-results>
